2022-10-31T05:50:16.133327+00:00 app[web.1]: at org.springframework.beans.factory.support.AbstractBeanFactory.getBean(AbstractBeanFactory.java:208) ~[spring-beans-5.3.23.jar!/:5.3.23]
2022-10-31T05:50:16.133327+00:00 app[web.1]: at org.springframework.context.support.AbstractApplicationContext.getBean(AbstractApplicationContext.java:1154) ~[spring-context-5.3.23.jar!/:5.3.23]
2022-10-31T05:50:16.133327+00:00 app[web.1]: at org.springframework.context.support.AbstractApplicationContext.finishBeanFactoryInitialization(AbstractApplicationContext.java:908) ~[spring-context-5.3.23.jar!/:5.3.23]
2022-10-31T05:50:16.133327+00:00 app[web.1]: at org.springframework.context.support.AbstractApplicationContext.refresh(AbstractApplicationContext.java:583) ~[spring-context-5.3.23.jar!/:5.3.23]
2022-10-31T05:50:16.133328+00:00 app[web.1]: at org.springframework.boot.web.servlet.context.ServletWebServerApplicationContext.refresh(ServletWebServerApplicationContext.java:147) ~[spring-boot-2.7.4.jar!/:2.7.4]
2022-10-31T05:50:16.133328+00:00 app[web.1]: at org.springframework.boot.SpringApplication.refresh(SpringApplication.java:734) [spring-boot-2.7.4.jar!/:2.7.4]
2022-10-31T05:50:16.133328+00:00 app[web.1]: at org.springframework.boot.SpringApplication.refreshContext(SpringApplication.java:408) [spring-boot-2.7.4.jar!/:2.7.4]
2022-10-31T05:50:16.133336+00:00 app[web.1]: at org.springframework.boot.SpringApplication.run(SpringApplication.java:308) [spring-boot-2.7.4.jar!/:2.7.4]
2022-10-31T05:50:16.133337+00:00 app[web.1]: at org.springframework.boot.SpringApplication.run(SpringApplication.java:1306) [spring-boot-2.7.4.jar!/:2.7.4]
2022-10-31T05:50:16.133337+00:00 app[web.1]: at org.springframework.boot.SpringApplication.run(SpringApplication.java:1295) [spring-boot-2.7.4.jar!/:2.7.4]
2022-10-31T05:50:16.133337+00:00 app[web.1]: at com.crudapplication.crud.MovieAppApplication.main(MovieAppApplication.java:10) [classes!/:0.0.1-SNAPSHOT]
2022-10-31T05:50:16.133338+00:00 app[web.1]: at sun.reflect.NativeMethodAccessorImpl.invoke0(Native Method) ~[na:1.8.0_352]
2022-10-31T05:50:16.133338+00:00 app[web.1]: at sun.reflect.NativeMethodAccessorImpl.invoke(NativeMethodAccessorImpl.java:62) ~[na:1.8.0_352]
2022-10-31T05:50:16.133338+00:00 app[web.1]: at sun.reflect.DelegatingMethodAccessorImpl.invoke(DelegatingMethodAccessorImpl.java:43) ~[na:1.8.0_352]
2022-10-31T05:50:16.133338+00:00 app[web.1]: at java.lang.reflect.Method.invoke(Method.java:498) ~[na:1.8.0_352]
2022-10-31T05:50:16.133339+00:00 app[web.1]: at org.springframework.boot.loader.MainMethodRunner.run(MainMethodRunner.java:49) [Movie_App-0.0.1-SNAPSHOT.jar:0.0.1-SNAPSHOT]
2022-10-31T05:50:16.133339+00:00 app[web.1]: at org.springframework.boot.loader.Launcher.launch(Launcher.java:108) [Movie_App-0.0.1-SNAPSHOT.jar:0.0.1-SNAPSHOT]
2022-10-31T05:50:16.133339+00:00 app[web.1]: at org.springframework.boot.loader.Launcher.launch(Launcher.java:58) [Movie_App-0.0.1-SNAPSHOT.jar:0.0.1-SNAPSHOT]
2022-10-31T05:50:16.133339+00:00 app[web.1]: at org.springframework.boot.loader.JarLauncher.main(JarLauncher.java:65) [Movie_App-0.0.1-SNAPSHOT.jar:0.0.1-SNAPSHOT]
2022-10-31T05:50:16.133344+00:00 app[web.1]: Caused by: javax.persistence.PersistenceException: [PersistenceUnit: default] Unable to build Hibernate SessionFactory; nested exception is org.hibernate.exception.JDBCConnectionException: Unable to open JDBC Connection for DDL execution
2022-10-31T05:50:16.133345+00:00 app[web.1]: at org.springframework.orm.jpa.AbstractEntityManagerFactoryBean.buildNativeEntityManagerFactory(AbstractEntityManagerFactoryBean.java:421) ~[spring-orm-5.3.23.jar!/:5.3.23]
2022-10-31T05:50:16.133345+00:00 app[web.1]: at org.springframework.orm.jpa.AbstractEntityManagerFactoryBean.afterPropertiesSet(AbstractEntityManagerFactoryBean.java:396) ~[spring-orm-5.3.23.jar!/:5.3.23]
2022-10-31T05:50:16.133345+00:00 app[web.1]: at org.springframework.orm.jpa.LocalContainerEntityManagerFactoryBean.afterPropertiesSet(LocalContainerEntityManagerFactoryBean.java:341) ~[spring-orm-5.3.23.jar!/:5.3.23]
2022-10-31T05:50:16.133345+00:00 app[web.1]: at org.springframework.beans.factory.support.AbstractAutowireCapableBeanFactory.invokeInitMethods(AbstractAutowireCapableBeanFactory.java:1863) ~[spring-beans-5.3.23.jar!/:5.3.23]
2022-10-31T05:50:16.133346+00:00 app[web.1]: at org.springframework.beans.factory.support.AbstractAutowireCapableBeanFactory.initializeBean(AbstractAutowireCapableBeanFactory.java:1800) ~[spring-beans-5.3.23.jar!/:5.3.23]
2022-10-31T05:50:16.133346+00:00 app[web.1]: ... 24 common frames omitted
2022-10-31T05:50:16.133346+00:00 app[web.1]: Caused by: org.hibernate.exception.JDBCConnectionException: Unable to open JDBC Connection for DDL execution
2022-10-31T05:50:16.133347+00:00 app[web.1]: at org.hibernate.exception.internal.SQLStateConversionDelegate.convert(SQLStateConversionDelegate.java:112) ~[hibernate-core-5.6.11.Final.jar!/:5.6.11.Final]
2022-10-31T05:50:16.133347+00:00 app[web.1]: at org.hibernate.exception.internal.StandardSQLExceptionConverter.convert(StandardSQLExceptionConverter.java:37) ~[hibernate-core-5.6.11.Final.jar!/:5.6.11.Final]
2022-10-31T05:50:16.133347+00:00 app[web.1]: at org.hibernate.engine.jdbc.spi.SqlExceptionHelper.convert(SqlExceptionHelper.java:113) ~[hibernate-core-5.6.11.Final.jar!/:5.6.11.Final]
2022-10-31T05:50:16.133347+00:00 app[web.1]: at org.hibernate.engine.jdbc.spi.SqlExceptionHelper.convert(SqlExceptionHelper.java:99) ~[hibernate-core-5.6.11.Final.jar!/:5.6.11.Final]
2022-10-31T05:50:16.133348+00:00 app[web.1]: at org.hibernate.resource.transaction.backend.jdbc.internal.DdlTransactionIsolatorNonJtaImpl.getIsolatedConnection(DdlTransactionIsolatorNonJtaImpl.java:71) ~[hibernate-core-5.6.11.Final.jar!/:5.6.11.Final]
2022-10-31T05:50:16.133348+00:00 app[web.1]: at org.hibernate.tool.schema.internal.exec.ImprovedExtractionContextImpl.getJdbcConnection(ImprovedExtractionContextImpl.java:63) ~[hibernate-core-5.6.11.Final.jar!/:5.6.11.Final]
2022-10-31T05:50:16.133348+00:00 app[web.1]: at org.hibernate.tool.schema.internal.exec.ImprovedExtractionContextImpl.getJdbcDatabaseMetaData(ImprovedExtractionContextImpl.java:70) ~[hibernate-core-5.6.11.Final.jar!/:5.6.11.Final]
2022-10-31T05:50:16.133349+00:00 app[web.1]: at org.hibernate.tool.schema.extract.internal.InformationExtractorJdbcDatabaseMetaDataImpl.processTableResultSet(InformationExtractorJdbcDatabaseMetaDataImpl.java:64) ~[hibernate-core-5.6.11.Final.jar!/:5.6.11.Final]
2022-10-31T05:50:16.133349+00:00 app[web.1]: at org.hibernate.tool.schema.extract.internal.AbstractInformationExtractorImpl.getTables(AbstractInformationExtractorImpl.java:559) ~[hibernate-core-5.6.11.Final.jar!/:5.6.11.Final]
2022-10-31T05:50:16.133349+00:00 app[web.1]: at org.hibernate.tool.schema.extract.internal.DatabaseInformationImpl.getTablesInformation(DatabaseInformationImpl.java:122) ~[hibernate-core-5.6.11.Final.jar!/:5.6.11.Final]
2022-10-31T05:50:16.133349+00:00 app[web.1]: at org.hibernate.tool.schema.internal.GroupedSchemaMigratorImpl.performTablesMigration(GroupedSchemaMigratorImpl.java:68) ~[hibernate-core-5.6.11.Final.jar!/:5.6.11.Final]
2022-10-31T05:50:16.133350+00:00 app[web.1]: at org.hibernate.tool.schema.internal.AbstractSchemaMigrator.performMigration(AbstractSchemaMigrator.java:220) ~[hibernate-core-5.6.11.Final.jar!/:5.6.11.Final]
2022-10-31T05:50:16.133350+00:00 app[web.1]: at org.hibernate.tool.schema.internal.AbstractSchemaMigrator.doMigration(AbstractSchemaMigrator.java:123) ~[hibernate-core-5.6.11.Final.jar!/:5.6.11.Final]
2022-10-31T05:50:16.133350+00:00 app[web.1]: at org.hibernate.tool.schema.spi.SchemaManagementToolCoordinator.performDatabaseAction(SchemaManagementToolCoordinator.java:196) ~[hibernate-core-5.6.11.Final.jar!/:5.6.11.Final]
2022-10-31T05:50:16.133350+00:00 app[web.1]: at org.hibernate.tool.schema.spi.SchemaManagementToolCoordinator.process(SchemaManagementToolCoordinator.java:85) ~[hibernate-core-5.6.11.Final.jar!/:5.6.11.Final]
2022-10-31T05:50:16.133351+00:00 app[web.1]: at org.hibernate.internal.SessionFactoryImpl.<init>(SessionFactoryImpl.java:335) ~[hibernate-core-5.6.11.Final.jar!/:5.6.11.Final]
2022-10-31T05:50:16.133353+00:00 app[web.1]: at org.hibernate.boot.internal.SessionFactoryBuilderImpl.build(SessionFactoryBuilderImpl.java:471) ~[hibernate-core-5.6.11.Final.jar!/:5.6.11.Final]
2022-10-31T05:50:16.133353+00:00 app[web.1]: at org.hibernate.jpa.boot.internal.EntityManagerFactoryBuilderImpl.build(EntityManagerFactoryBuilderImpl.java:1498) ~[hibernate-core-5.6.11.Final.jar!/:5.6.11.Final]
2022-10-31T05:50:16.133354+00:00 app[web.1]: at org.springframework.orm.jpa.vendor.SpringHibernateJpaPersistenceProvider.createContainerEntityManagerFactory(SpringHibernateJpaPersistenceProvider.java:58) ~[spring-orm-5.3.23.jar!/:5.3.23]
2022-10-31T05:50:16.133354+00:00 app[web.1]: at org.springframework.orm.jpa.LocalContainerEntityManagerFactoryBean.createNativeEntityManagerFactory(LocalContainerEntityManagerFactoryBean.java:365) ~[spring-orm-5.3.23.jar!/:5.3.23]
2022-10-31T05:50:16.133354+00:00 app[web.1]: at org.springframework.orm.jpa.AbstractEntityManagerFactoryBean.buildNativeEntityManagerFactory(AbstractEntityManagerFactoryBean.java:409) ~[spring-orm-5.3.23.jar!/:5.3.23]
2022-10-31T05:50:16.133354+00:00 app[web.1]: ... 28 common frames omitted
2022-10-31T05:50:16.133354+00:00 app[web.1]: Caused by: com.mysql.cj.jdbc.exceptions.CommunicationsException: Communications link failure
2022-10-31T05:50:16.133355+00:00 app[web.1]: 
2022-10-31T05:50:16.133355+00:00 app[web.1]: The last packet sent successfully to the server was 0 milliseconds ago. The driver has not received any packets from the server.
2022-10-31T05:50:16.133355+00:00 app[web.1]: at com.mysql.cj.jdbc.exceptions.SQLError.createCommunicationsException(SQLError.java:174) ~[mysql-connector-java-8.0.30.jar!/:8.0.30]
2022-10-31T05:50:16.133355+00:00 app[web.1]: at com.mysql.cj.jdbc.exceptions.SQLExceptionsMapping.translateException(SQLExceptionsMapping.java:64) ~[mysql-connector-java-8.0.30.jar!/:8.0.30]
2022-10-31T05:50:16.133355+00:00 app[web.1]: at com.mysql.cj.jdbc.ConnectionImpl.createNewIO(ConnectionImpl.java:828) ~[mysql-connector-java-8.0.30.jar!/:8.0.30]
2022-10-31T05:50:16.133356+00:00 app[web.1]: at com.mysql.cj.jdbc.ConnectionImpl.<init>(ConnectionImpl.java:448) ~[mysql-connector-java-8.0.30.jar!/:8.0.30]
2022-10-31T05:50:16.133356+00:00 app[web.1]: at com.mysql.cj.jdbc.ConnectionImpl.getInstance(ConnectionImpl.java:241) ~[mysql-connector-java-8.0.30.jar!/:8.0.30]
2022-10-31T05:50:16.133356+00:00 app[web.1]: at com.mysql.cj.jdbc.NonRegisteringDriver.connect(NonRegisteringDriver.java:198) ~[mysql-connector-java-8.0.30.jar!/:8.0.30]
2022-10-31T05:50:16.133356+00:00 app[web.1]: at com.zaxxer.hikari.util.DriverDataSource.getConnection(DriverDataSource.java:138) ~[HikariCP-4.0.3.jar!/:na]
2022-10-31T05:50:16.133356+00:00 app[web.1]: at com.zaxxer.hikari.pool.PoolBase.newConnection(PoolBase.java:364) ~[HikariCP-4.0.3.jar!/:na]
2022-10-31T05:50:16.133356+00:00 app[web.1]: at com.zaxxer.hikari.pool.PoolBase.newPoolEntry(PoolBase.java:206) ~[HikariCP-4.0.3.jar!/:na]
2022-10-31T05:50:16.133357+00:00 app[web.1]: at com.zaxxer.hikari.pool.HikariPool.createPoolEntry(HikariPool.java:476) ~[HikariCP-4.0.3.jar!/:na]
2022-10-31T05:50:16.133358+00:00 app[web.1]: at com.zaxxer.hikari.pool.HikariPool.checkFailFast(HikariPool.java:561) ~[HikariCP-4.0.3.jar!/:na]
2022-10-31T05:50:16.133358+00:00 app[web.1]: at com.zaxxer.hikari.pool.HikariPool.<init>(HikariPool.java:115) ~[HikariCP-4.0.3.jar!/:na]
2022-10-31T05:50:16.133358+00:00 app[web.1]: at com.zaxxer.hikari.HikariDataSource.getConnection(HikariDataSource.java:112) ~[HikariCP-4.0.3.jar!/:na]
2022-10-31T05:50:16.133358+00:00 app[web.1]: at org.hibernate.engine.jdbc.connections.internal.DatasourceConnectionProviderImpl.getConnection(DatasourceConnectionProviderImpl.java:122) ~[hibernate-core-5.6.11.Final.jar!/:5.6.11.Final]
2022-10-31T05:50:16.133359+00:00 app[web.1]: at org.hibernate.engine.jdbc.env.internal.JdbcEnvironmentInitiator$ConnectionProviderJdbcConnectionAccess.obtainConnection(JdbcEnvironmentInitiator.java:181) ~[hibernate-core-5.6.11.Final.jar!/:5.6.11.Final]
2022-10-31T05:50:16.133359+00:00 app[web.1]: at org.hibernate.resource.transaction.backend.jdbc.internal.DdlTransactionIsolatorNonJtaImpl.getIsolatedConnection(DdlTransactionIsolatorNonJtaImpl.java:44) ~[hibernate-core-5.6.11.Final.jar!/:5.6.11.Final]
2022-10-31T05:50:16.133359+00:00 app[web.1]: ... 44 common frames omitted
2022-10-31T05:50:16.133359+00:00 app[web.1]: Caused by: com.mysql.cj.exceptions.CJCommunicationsException: Communications link failure
2022-10-31T05:50:16.133359+00:00 app[web.1]: 
2022-10-31T05:50:16.133360+00:00 app[web.1]: The last packet sent successfully to the server was 0 milliseconds ago. The driver has not received any packets from the server.
2022-10-31T05:50:16.133360+00:00 app[web.1]: at sun.reflect.NativeConstructorAccessorImpl.newInstance0(Native Method) ~[na:1.8.0_352]
2022-10-31T05:50:16.133360+00:00 app[web.1]: at sun.reflect.NativeConstructorAccessorImpl.newInstance(NativeConstructorAccessorImpl.java:62) ~[na:1.8.0_352]
2022-10-31T05:50:16.133360+00:00 app[web.1]: at sun.reflect.DelegatingConstructorAccessorImpl.newInstance(DelegatingConstructorAccessorImpl.java:45) ~[na:1.8.0_352]
2022-10-31T05:50:16.133361+00:00 app[web.1]: at java.lang.reflect.Constructor.newInstance(Constructor.java:423) ~[na:1.8.0_352]
2022-10-31T05:50:16.133361+00:00 app[web.1]: at com.mysql.cj.exceptions.ExceptionFactory.createException(ExceptionFactory.java:61) ~[mysql-connector-java-8.0.30.jar!/:8.0.30]
2022-10-31T05:50:16.133363+00:00 app[web.1]: at com.mysql.cj.exceptions.ExceptionFactory.createException(ExceptionFactory.java:105) ~[mysql-connector-java-8.0.30.jar!/:8.0.30]
2022-10-31T05:50:16.133363+00:00 app[web.1]: at com.mysql.cj.exceptions.ExceptionFactory.createException(ExceptionFactory.java:151) ~[mysql-connector-java-8.0.30.jar!/:8.0.30]
2022-10-31T05:50:16.133370+00:00 app[web.1]: at com.mysql.cj.exceptions.ExceptionFactory.createCommunicationsException(ExceptionFactory.java:167) ~[mysql-connector-java-8.0.30.jar!/:8.0.30]
2022-10-31T05:50:16.133370+00:00 app[web.1]: at com.mysql.cj.protocol.a.NativeSocketConnection.connect(NativeSocketConnection.java:89) ~[mysql-connector-java-8.0.30.jar!/:8.0.30]
2022-10-31T05:50:16.133378+00:00 app[web.1]: at com.mysql.cj.NativeSession.connect(NativeSession.java:120) ~[mysql-connector-java-8.0.30.jar!/:8.0.30]
2022-10-31T05:50:16.133379+00:00 app[web.1]: at com.mysql.cj.jdbc.ConnectionImpl.connectOneTryOnly(ConnectionImpl.java:948) ~[mysql-connector-java-8.0.30.jar!/:8.0.30]
2022-10-31T05:50:16.133379+00:00 app[web.1]: at com.mysql.cj.jdbc.ConnectionImpl.createNewIO(ConnectionImpl.java:818) ~[mysql-connector-java-8.0.30.jar!/:8.0.30]
2022-10-31T05:50:16.133379+00:00 app[web.1]: ... 57 common frames omitted
2022-10-31T05:50:16.133379+00:00 app[web.1]: Caused by: java.net.ConnectException: Connection refused (Connection refused)
2022-10-31T05:50:16.133379+00:00 app[web.1]: at java.net.PlainSocketImpl.socketConnect(Native Method) ~[na:1.8.0_352]
2022-10-31T05:50:16.133379+00:00 app[web.1]: at java.net.AbstractPlainSocketImpl.doConnect(AbstractPlainSocketImpl.java:350) ~[na:1.8.0_352]
2022-10-31T05:50:16.133380+00:00 app[web.1]: at java.net.AbstractPlainSocketImpl.connectToAddress(AbstractPlainSocketImpl.java:206) ~[na:1.8.0_352]
2022-10-31T05:50:16.133380+00:00 app[web.1]: at java.net.AbstractPlainSocketImpl.connect(AbstractPlainSocketImpl.java:188) ~[na:1.8.0_352]
2022-10-31T05:50:16.133380+00:00 app[web.1]: at java.net.SocksSocketImpl.connect(SocksSocketImpl.java:392) ~[na:1.8.0_352]
2022-10-31T05:50:16.133380+00:00 app[web.1]: at java.net.Socket.connect(Socket.java:613) ~[na:1.8.0_352]
2022-10-31T05:50:16.133381+00:00 app[web.1]: at com.mysql.cj.protocol.StandardSocketFactory.connect(StandardSocketFactory.java:153) ~[mysql-connector-java-8.0.30.jar!/:8.0.30]
2022-10-31T05:50:16.133381+00:00 app[web.1]: at com.mysql.cj.protocol.a.NativeSocketConnection.connect(NativeSocketConnection.java:63) ~[mysql-connector-java-8.0.30.jar!/:8.0.30]
2022-10-31T05:50:16.133381+00:00 app[web.1]: ... 60 common frames omitted
2022-10-31T05:50:16.133381+00:00 app[web.1]: 
2022-10-31T05:50:16.255542+00:00 heroku[web.1]: Process exited with status 1
2022-10-31T05:50:16.306560+00:00 heroku[web.1]: State changed from starting to crashed
2022-10-31T05:50:33.276880+00:00 heroku[router]: at=error code=H10 desc="App crashed" method=GET path="/" host=moviedapplications.herokuapp.com request_id=9457d83c-f967-4b53-8775-cc082908260a fwd="114.168.235.238" dyno= connect= service= status=503 bytes= protocol=https
2022-10-31T05:50:33.935835+00:00 heroku[router]: at=error code=H10 desc="App crashed" method=GET path="/favicon.ico" host=moviedapplications.herokuapp.com request_id=c1c58b98-9cf0-444c-b319-17360abb9b6c fwd="114.168.235.238" dyno= connect= service= status=503 bytes= protocol=https
